[08:53:33] [Server thread/INFO]: Starting minecraft server version 1.10.2
[08:53:33] [Server thread/WARN]: To start the server with more ram, launch it as "java -Xmx1024M -Xms1024M -jar minecraft_server.jar"
[08:53:33] [Server thread/INFO]: Loading properties
[08:53:33] [Server thread/INFO]: Default game type: SURVIVAL
[08:53:33] [Server thread/INFO]: Generating keypair
[08:53:34] [Server thread/INFO]: Starting Minecraft server on *:25565
[08:53:34] [Server thread/INFO]: Using epoll channel type
[08:53:34] [Server thread/INFO]: This server is running CraftBukkit version git-Bukkit-0ebb9c7 (MC: 1.10.2) (Implementing API version 1.10.2-R0.1-SNAPSHOT)
[08:53:35] [Server thread/INFO]: [Lockette] Loading Lockette v1.8.23
[08:53:35] [Server thread/INFO]: [Essentials] Loading Essentials v2.0.1-b421
[08:53:35] [Server thread/INFO]: [EssentialsProtect] Loading EssentialsProtect v2.0.1-b421
[08:53:35] [Server thread/INFO]: [EssentialsSpawn] Loading EssentialsSpawn v2.0.1-b421
[08:53:35] [Server thread/INFO]: [EssentialsChat] Loading EssentialsChat v2.0.1-b421
[08:53:35] [Server thread/INFO]: [GroupManager] Loading GroupManager v2.0.1-b332
[08:53:35] [Server thread/INFO]: [EssentialsAntiBuild] Loading EssentialsAntiBuild v2.0.1-b421
[08:53:35] [Server thread/WARN]: **** SERVER IS RUNNING IN OFFLINE/INSECURE MODE!
[08:53:35] [Server thread/WARN]: The server will make no attempt to authenticate usernames. Beware.
[08:53:35] [Server thread/WARN]: While this makes the game possible to play without internet access, it also opens up the ability for hackers to connect with any username they choose.
[08:53:35] [Server thread/WARN]: To change this, set "online-mode" to "true" in the server.properties file.
[08:53:35] [Server thread/INFO]: Preparing level "world"
[08:53:35] [Server thread/INFO]: Preparing start region for level 0 (Seed: 153184449)
[08:53:37] [Server thread/INFO]: Preparing spawn area: 0%
[08:53:38] [Server thread/INFO]: Preparing spawn area: 18%
[08:53:39] [Server thread/INFO]: Preparing spawn area: 59%
[08:53:40] [Server thread/INFO]: Preparing start region for level 1 (Seed: 8335513622996150606)
[08:53:41] [Server thread/INFO]: Preparing spawn area: 74%
[08:53:41] [Server thread/INFO]: Preparing start region for level 2 (Seed: 8335513622996150606)
[08:53:42] [Server thread/INFO]: [Lockette] Enabling Lockette v1.8.23
[08:53:42] [Server thread/INFO]: [Lockette] Version 1.8.23 is being enabled!  Yay!  (Core version 1.3.5)
[08:53:42] [Server thread/INFO]: minor >
[08:53:42] [Server thread/INFO]: [Lockette] Detected Bukkit version [v1_10_R1] ok.
[08:53:42] [Server thread/INFO]: [Lockette] Custom lockable block list: [116, 84, 57, 145, 154]
[08:53:42] [Server thread/INFO]: [Lockette] Ignoring linked plugins: [mcMMO]
[08:53:42] [Server thread/INFO]: [Lockette] Loading strings file for English by Acru
[08:53:42] [Server thread/INFO]: [Lockette] Using ops file for admin permissions.
[08:53:42] [Server thread/INFO]: [Lockette] Ready to protect your containers.
[08:53:42] [Server thread/INFO]: [Essentials] Enabling Essentials v2.0.1-b421
[08:53:42] [Server thread/INFO]: Using locale en_US
[08:53:43] [Server thread/INFO]: [Essentials] Using 1.8.3+ BlockStateMeta provider as mob spawner provider.
[08:53:43] [Server thread/INFO]: [Essentials] Using Reflection based provider as spawn egg provider.
[08:53:43] [Server thread/INFO]: [Essentials] Using 1.9+ BasePotionData provider as potion meta provider.
[08:53:43] [Server thread/INFO]: Using locale en_US
[08:53:43] [Server thread/INFO]: [Essentials] Starting Metrics. Opt-out using the global PluginMetrics config.
[08:53:43] [Server thread/WARN]: [Essentials] Detected supported permissions plugin GroupManager without Vault installed.
[08:53:43] [Server thread/WARN]: [Essentials] Features such as chat prefixes/suffixes and group-related functionality will not work until you install Vault.
[08:53:43] [Server thread/INFO]: [Essentials] Using superperms-based permissions.
[08:53:43] [Server thread/INFO]: [EssentialsProtect] Enabling EssentialsProtect v2.0.1-b421
[08:53:43] [Server thread/INFO]: [EssentialsSpawn] Enabling EssentialsSpawn v2.0.1-b421
[08:53:43] [Server thread/INFO]: [EssentialsChat] Enabling EssentialsChat v2.0.1-b421
[08:53:43] [Server thread/INFO]: [GroupManager] Enabling GroupManager v2.0.1-b332
[08:53:43] [Server thread/INFO]: GroupManager - INFO - World Found: world
[08:53:43] [Server thread/INFO]: GroupManager - INFO - Superperms support enabled.
[08:53:43] [Server thread/INFO]: GroupManager - INFO - Scheduled Data Saving is set for every 10 minutes!
[08:53:43] [Server thread/INFO]: GroupManager - INFO - Backups will be retained for 24 hours!
[08:53:43] [Server thread/INFO]: GroupManager version 2.0.1-b332 is enabled!
[08:53:43] [Server thread/INFO]: [Lockette] Enabled link to plugin GroupManager for Groups, version 2.0.1-b332
[08:53:43] [Server thread/INFO]: [EssentialsAntiBuild] Enabling EssentialsAntiBuild v2.0.1-b421
[08:53:43] [Server thread/INFO]: Server permissions file permissions.yml is empty, ignoring it
[08:53:44] [Server thread/INFO]: Done (9.216s)! For help, type "help" or "?"
[08:53:44] [Server thread/INFO]: GroupManager - INFO - Bukkit Permissions Updated!
[08:53:49] [Server thread/WARN]: Can't keep up! Did the system time change, or is the server overloaded? Running 4357ms behind, skipping 87 tick(s)
[08:53:56] [Server thread/INFO]: rights4muffins[/109.149.227.205:63127] logged in with entity id 396 at ([world]252.5382937114135, 64.0, 249.5305348184105)
[08:54:07] [Server thread/INFO]: CaptainBetts[/88.202.251.56:54020] logged in with entity id 400 at ([world]1273.425925286248, 40.0, 1879.5525845643133)
[08:54:10] [Server thread/INFO]: rights4muffins has just earned the achievement [Taking Inventory]
[08:54:44] [Server thread/INFO]: rights4muffins has just earned the achievement [Getting Wood]
[08:55:01] [Netty Epoll Server IO #0/INFO]: [m<CaptainBetts[m> gtg, brb in 10 mins[m
[08:55:09] [Server thread/INFO]: CaptainBetts has just earned the achievement [We Need to Go Deeper]
[08:55:17] [Server thread/WARN]: Can't keep up! Did the system time change, or is the server overloaded? Running 7844ms behind, skipping 156 tick(s)
[08:55:17] [Server thread/WARN]: rights4muffins moved too quickly! -3.526819438675716,-1.8378585789729982,-9.488412907213075
[08:55:18] [Server thread/WARN]: CaptainBetts moved too quickly! -1105.800000011921,4.0,-1646.8583285074924
[08:55:24] [Netty Epoll Server IO #0/INFO]: [m<CaptainBetts[m> boot[m
[08:55:35] [Netty Epoll Server IO #0/INFO]: [m<CaptainBetts[m> in nether[m
