[08:55:52] [Server thread/INFO]: Starting minecraft server version 1.10.2
[08:55:52] [Server thread/WARN]: To start the server with more ram, launch it as "java -Xmx1024M -Xms1024M -jar minecraft_server.jar"
[08:55:52] [Server thread/INFO]: Loading properties
[08:55:52] [Server thread/INFO]: Default game type: SURVIVAL
[08:55:52] [Server thread/INFO]: Generating keypair
[08:55:52] [Server thread/INFO]: Starting Minecraft server on *:25565
[08:55:52] [Server thread/INFO]: Using epoll channel type
[08:55:52] [Server thread/INFO]: This server is running CraftBukkit version git-Bukkit-0ebb9c7 (MC: 1.10.2) (Implementing API version 1.10.2-R0.1-SNAPSHOT)
[08:55:53] [Server thread/INFO]: [Lockette] Loading Lockette v1.8.23
[08:55:53] [Server thread/INFO]: [Essentials] Loading Essentials v2.0.1-b421
[08:55:53] [Server thread/INFO]: [EssentialsProtect] Loading EssentialsProtect v2.0.1-b421
[08:55:53] [Server thread/INFO]: [EssentialsSpawn] Loading EssentialsSpawn v2.0.1-b421
[08:55:53] [Server thread/INFO]: [EssentialsChat] Loading EssentialsChat v2.0.1-b421
[08:55:53] [Server thread/INFO]: [GroupManager] Loading GroupManager v2.0.1-b332
[08:55:53] [Server thread/INFO]: [EssentialsAntiBuild] Loading EssentialsAntiBuild v2.0.1-b421
[08:55:53] [Server thread/WARN]: **** SERVER IS RUNNING IN OFFLINE/INSECURE MODE!
[08:55:53] [Server thread/WARN]: The server will make no attempt to authenticate usernames. Beware.
[08:55:53] [Server thread/WARN]: While this makes the game possible to play without internet access, it also opens up the ability for hackers to connect with any username they choose.
[08:55:53] [Server thread/WARN]: To change this, set "online-mode" to "true" in the server.properties file.
[08:55:53] [Server thread/INFO]: Preparing level "world"
[08:55:54] [Server thread/INFO]: Preparing start region for level 0 (Seed: 153184449)
[08:55:56] [Server thread/INFO]: Preparing spawn area: 0%
[08:55:57] [Server thread/INFO]: Preparing spawn area: 16%
[08:55:58] [Server thread/INFO]: Preparing spawn area: 54%
[08:55:59] [Server thread/INFO]: Preparing spawn area: 89%
[08:55:59] [Server thread/INFO]: Preparing start region for level 1 (Seed: 8335513622996150606)
[08:56:00] [Server thread/INFO]: Preparing spawn area: 68%
[08:56:00] [Server thread/INFO]: Preparing start region for level 2 (Seed: 8335513622996150606)
[08:56:01] [Server thread/INFO]: [Lockette] Enabling Lockette v1.8.23
[08:56:01] [Server thread/INFO]: [Lockette] Version 1.8.23 is being enabled!  Yay!  (Core version 1.3.5)
[08:56:01] [Server thread/INFO]: minor >
[08:56:01] [Server thread/INFO]: [Lockette] Detected Bukkit version [v1_10_R1] ok.
[08:56:01] [Server thread/INFO]: [Lockette] Custom lockable block list: [116, 84, 57, 145, 154]
[08:56:01] [Server thread/INFO]: [Lockette] Ignoring linked plugins: [mcMMO]
[08:56:01] [Server thread/INFO]: [Lockette] Loading strings file for English by Acru
[08:56:01] [Server thread/INFO]: [Lockette] Using ops file for admin permissions.
[08:56:01] [Server thread/INFO]: [Lockette] Ready to protect your containers.
[08:56:01] [Server thread/INFO]: [Essentials] Enabling Essentials v2.0.1-b421
[08:56:02] [Server thread/INFO]: Using locale en_US
[08:56:02] [Server thread/INFO]: [Essentials] Using 1.8.3+ BlockStateMeta provider as mob spawner provider.
[08:56:02] [Server thread/INFO]: [Essentials] Using Reflection based provider as spawn egg provider.
[08:56:02] [Server thread/INFO]: [Essentials] Using 1.9+ BasePotionData provider as potion meta provider.
[08:56:03] [Server thread/INFO]: Using locale en_US
[08:56:03] [Server thread/INFO]: [Essentials] Starting Metrics. Opt-out using the global PluginMetrics config.
[08:56:03] [Server thread/WARN]: [Essentials] Detected supported permissions plugin GroupManager without Vault installed.
[08:56:03] [Server thread/WARN]: [Essentials] Features such as chat prefixes/suffixes and group-related functionality will not work until you install Vault.
[08:56:03] [Server thread/INFO]: [Essentials] Using superperms-based permissions.
[08:56:03] [Server thread/INFO]: [EssentialsProtect] Enabling EssentialsProtect v2.0.1-b421
[08:56:03] [Server thread/INFO]: [EssentialsSpawn] Enabling EssentialsSpawn v2.0.1-b421
[08:56:03] [Server thread/INFO]: [EssentialsChat] Enabling EssentialsChat v2.0.1-b421
[08:56:03] [Server thread/INFO]: [GroupManager] Enabling GroupManager v2.0.1-b332
[08:56:03] [Server thread/INFO]: GroupManager - INFO - World Found: world
[08:56:03] [Server thread/INFO]: GroupManager - INFO - Superperms support enabled.
[08:56:03] [Server thread/INFO]: GroupManager - INFO - Scheduled Data Saving is set for every 10 minutes!
[08:56:03] [Server thread/INFO]: GroupManager - INFO - Backups will be retained for 24 hours!
[08:56:03] [Server thread/INFO]: GroupManager version 2.0.1-b332 is enabled!
[08:56:03] [Server thread/INFO]: [Lockette] Enabled link to plugin GroupManager for Groups, version 2.0.1-b332
[08:56:03] [Server thread/INFO]: [EssentialsAntiBuild] Enabling EssentialsAntiBuild v2.0.1-b421
[08:56:03] [Server thread/INFO]: Server permissions file permissions.yml is empty, ignoring it
[08:56:03] [Server thread/INFO]: Done (10.291s)! For help, type "help" or "?"
[08:56:03] [Server thread/INFO]: GroupManager - INFO - Bukkit Permissions Updated!
[08:56:04] [Server thread/INFO]: com.mojang.authlib.GameProfile@575820ea[id=<null>,name=rights4muffins,properties={},legacy=false] (/109.149.227.205:63182) lost connection: Disconnected
[08:56:04] [Server thread/INFO]: rights4muffins[/109.149.227.205:63190] logged in with entity id 404 at ([world]252.5382937114135, 64.0, 249.5305348184105)
[08:56:10] [Server thread/WARN]: Can't keep up! Did the system time change, or is the server overloaded? Running 5162ms behind, skipping 103 tick(s)
[08:56:20] [Server thread/INFO]: rights4muffins has just earned the achievement [Taking Inventory]
[08:58:18] [Server thread/INFO]: rights4muffins has just earned the achievement [Getting Wood]
[08:58:31] [Server thread/INFO]: rights4muffins has just earned the achievement [Benchmarking]
[09:06:03] [pool-6-thread-1/INFO]: GroupManager - INFO -  Data files refreshed.
[09:06:25] [Server thread/INFO]: rights4muffins lost connection: Disconnected
[09:06:26] [Server thread/INFO]: rights4muffins left the game.
[09:06:41] [Server thread/INFO]: rights4muffins[/109.149.227.205:63487] logged in with entity id 2763 at ([world]174.96192644848196, 60.0, 382.55163486276615)
[09:11:57] [Server thread/INFO]: CaptainBetts[/88.202.251.56:54129] logged in with entity id 2959 at ([world]1273.425925286248, 40.0, 1879.5525845643133)
[09:12:06] [Netty Epoll Server IO #1/INFO]: [m<rights4muffins[m> hi[m
[09:12:08] [Netty Epoll Server IO #0/INFO]: [m<CaptainBetts[m> yo[m
[09:14:02] [Server thread/INFO]: rights4muffins has just earned the achievement [Time to Mine!]
[09:14:02] [Server thread/INFO]: rights4muffins has just earned the achievement [Getting an Upgrade]
[09:14:17] [Server thread/INFO]: rights4muffins has just earned the achievement [Time to Strike!]
[09:16:03] [pool-6-thread-1/INFO]: GroupManager - INFO -  Data files refreshed.
[09:17:37] [Server thread/INFO]: rights4muffins issued server command: /set spawn
[09:17:41] [Server thread/INFO]: rights4muffins issued server command: /home
[09:17:41] [Server thread/INFO]: §crights4muffins §4was denied access to command.
[09:18:32] [Server thread/INFO]: rights4muffins has just earned the achievement [Monster Hunter]
[09:26:07] [Server thread/INFO]: Saving...
[09:26:07] [Server thread/INFO]: Saved the world
[09:35:09] [Server thread/INFO]: rights4muffins lost connection: Disconnected
[09:35:09] [Server thread/INFO]: rights4muffins left the game.
[09:37:26] [Server thread/INFO]: CaptainBetts issued server command: /spawn
[09:38:03] [Server thread/WARN]: Can't keep up! Did the system time change, or is the server overloaded? Running 10744ms behind, skipping 214 tick(s)
[09:38:19] [Server thread/WARN]: CaptainBetts moved too quickly! -2.2263649321932633,3.7799998819828033,-9.492100720821725
[09:38:19] [Server thread/INFO]: CaptainBetts lost connection: Disconnected
[09:38:19] [Server thread/INFO]: CaptainBetts left the game.
[09:38:19] [Server thread/INFO]: com.mojang.authlib.GameProfile@28ada439[id=<null>,name=CaptainBetts,properties={},legacy=false] (/88.202.251.56:54200) lost connection: Disconnected
[09:38:20] [Server thread/WARN]: Can't keep up! Did the system time change, or is the server overloaded? Running 10467ms behind, skipping 209 tick(s)
[09:38:44] [Server thread/INFO]: CaptainBetts[/88.202.251.56:54225] logged in with entity id 7393 at ([world]230.10944933818513, 76.85999989509583, 241.43216821956298)
[09:38:45] [pool-3-thread-13/WARN]: [Essentials] Permissions lag notice with (SuperpermsHandler). Response took 28.889123ms. Summary: Getting group for CaptainBetts
[09:38:48] [Server thread/INFO]: rights4muffins[/109.149.227.205:63811] logged in with entity id 7394 at ([world]89.84225140192619, 49.0, 156.21230174939404)
[09:38:49] [pool-3-thread-12/WARN]: [Essentials] Permissions lag notice with (SuperpermsHandler). Response took 25.686523ms. Summary: Getting group for rights4muffins
