[16:08:57] [Server thread/INFO]: Starting minecraft server version 1.10.2
[16:08:57] [Server thread/WARN]: To start the server with more ram, launch it as "java -Xmx1024M -Xms1024M -jar minecraft_server.jar"
[16:08:57] [Server thread/INFO]: Loading properties
[16:08:57] [Server thread/INFO]: Default game type: SURVIVAL
[16:08:57] [Server thread/INFO]: Generating keypair
[16:08:58] [Server thread/INFO]: Starting Minecraft server on *:25565
[16:08:58] [Server thread/INFO]: Using epoll channel type
[16:08:58] [Server thread/INFO]: This server is running CraftBukkit version git-Bukkit-0ebb9c7 (MC: 1.10.2) (Implementing API version 1.10.2-R0.1-SNAPSHOT)
[16:08:58] [Server thread/INFO]: [Lockette] Loading Lockette v1.8.23
[16:08:58] [Server thread/INFO]: [PermissionsBukkit] Loading PermissionsBukkit v2.5
[16:08:58] [Server thread/INFO]: [Essentials] Loading Essentials v2.0.1-b421
[16:08:58] [Server thread/INFO]: [EssentialsSpawn] Loading EssentialsSpawn v2.0.1-b421
[16:08:59] [Server thread/WARN]: **** SERVER IS RUNNING IN OFFLINE/INSECURE MODE!
[16:08:59] [Server thread/WARN]: The server will make no attempt to authenticate usernames. Beware.
[16:08:59] [Server thread/WARN]: While this makes the game possible to play without internet access, it also opens up the ability for hackers to connect with any username they choose.
[16:08:59] [Server thread/WARN]: To change this, set "online-mode" to "true" in the server.properties file.
[16:08:59] [Server thread/INFO]: Preparing level "world"
[16:08:59] [Server thread/INFO]: Preparing start region for level 0 (Seed: 153184449)
[16:09:00] [Server thread/INFO]: Preparing spawn area: 0%
[16:09:01] [Server thread/INFO]: Preparing spawn area: 16%
[16:09:02] [Server thread/INFO]: Preparing spawn area: 50%
[16:09:03] [Server thread/INFO]: Preparing spawn area: 95%
[16:09:04] [Server thread/INFO]: Preparing start region for level 1 (Seed: 8335513622996150606)
[16:09:04] [Server thread/INFO]: [Lockette] Enabling Lockette v1.8.23
[16:09:04] [Server thread/INFO]: [Lockette] Version 1.8.23 is being enabled!  Yay!  (Core version 1.3.5)
[16:09:04] [Server thread/INFO]: minor >
[16:09:04] [Server thread/INFO]: [Lockette] Detected Bukkit version [v1_10_R1] ok.
[16:09:04] [Server thread/INFO]: [Lockette] Custom lockable block list: [116, 84, 57, 145, 154]
[16:09:04] [Server thread/INFO]: [Lockette] Ignoring linked plugins: [mcMMO]
[16:09:04] [Server thread/INFO]: [Lockette] Loading strings file for English by Acru
[16:09:04] [Server thread/INFO]: [Lockette] Using ops file for admin permissions.
[16:09:04] [Server thread/INFO]: [Lockette] Ready to protect your containers.
[16:09:04] [Server thread/INFO]: [PermissionsBukkit] Enabling PermissionsBukkit v2.5
[16:09:04] [Server thread/INFO]: [PermissionsBukkit] Enabled successfully
[16:09:04] [Server thread/INFO]: [Lockette] Enabled link to plugin PermissionsBukkit for Groups, version 2.5
[16:09:04] [Server thread/INFO]: [Essentials] Enabling Essentials v2.0.1-b421
[16:09:04] [Server thread/INFO]: Using locale en_US
[16:09:05] [Server thread/INFO]: [Essentials] Using 1.8.3+ BlockStateMeta provider as mob spawner provider.
[16:09:05] [Server thread/INFO]: [Essentials] Using Reflection based provider as spawn egg provider.
[16:09:05] [Server thread/INFO]: [Essentials] Using 1.9+ BasePotionData provider as potion meta provider.
[16:09:05] [Server thread/INFO]: Using locale en_US
[16:09:05] [Server thread/INFO]: [Essentials] Starting Metrics. Opt-out using the global PluginMetrics config.
[16:09:05] [Server thread/WARN]: [Essentials] Detected supported permissions plugin PermissionsBukkit without Vault installed.
[16:09:05] [Server thread/WARN]: [Essentials] Features such as chat prefixes/suffixes and group-related functionality will not work until you install Vault.
[16:09:05] [Server thread/INFO]: [Essentials] Using superperms-based permissions.
[16:09:05] [Server thread/INFO]: [EssentialsSpawn] Enabling EssentialsSpawn v2.0.1-b421
[16:09:05] [Server thread/INFO]: Server permissions file permissions.yml is empty, ignoring it
[16:09:05] [Server thread/INFO]: Done (6.804s)! For help, type "help" or "?"
[16:09:06] [Server thread/INFO]: GTBebbo[/92.11.101.19:42890] logged in with entity id 364 at ([world]315.74027334178646, 76.0, 287.4988896320468)
[16:09:40] [Server thread/WARN]: Can't keep up! Did the system time change, or is the server overloaded? Running 2187ms behind, skipping 43 tick(s)
