[13:45:36] [Server thread/INFO]: Starting minecraft server version 1.10.2
[13:45:36] [Server thread/INFO]: Loading properties
[13:45:36] [Server thread/INFO]: Default game type: SURVIVAL
[13:45:36] [Server thread/INFO]: Generating keypair
[13:45:36] [Server thread/INFO]: Starting Minecraft server on *:25565
[13:45:36] [Server thread/INFO]: Using epoll channel type
[13:45:37] [Server thread/INFO]: This server is running CraftBukkit version git-Bukkit-0ebb9c7 (MC: 1.10.2) (Implementing API version 1.10.2-R0.1-SNAPSHOT)
[13:45:38] [Server thread/INFO]: [Lockette] Loading Lockette v1.8.23
[13:45:38] [Server thread/INFO]: [PermissionsBukkit] Loading PermissionsBukkit v2.5
[13:45:38] [Server thread/INFO]: [Essentials] Loading Essentials v2.0.1-b421
[13:45:38] [Server thread/INFO]: [EssentialsSpawn] Loading EssentialsSpawn v2.0.1-b421
[13:45:38] [Server thread/INFO]: [EssentialsChat] Loading EssentialsChat vTeamCity
[13:45:38] [Server thread/INFO]: [Movecraft] Loading Movecraft v4.6.0
[13:45:38] [Server thread/INFO]: Preparing level "world"
[13:45:39] [Server thread/INFO]: Preparing start region for level 0 (Seed: 153184449)
[13:45:41] [Server thread/INFO]: Preparing spawn area: 0%
[13:45:42] [Server thread/INFO]: Preparing spawn area: 15%
[13:45:43] [Server thread/INFO]: Preparing spawn area: 40%
[13:45:44] [Server thread/INFO]: Preparing spawn area: 57%
[13:45:45] [Server thread/INFO]: Preparing spawn area: 71%
[13:45:46] [Server thread/INFO]: Preparing spawn area: 80%
[13:45:47] [User Authenticator #1/INFO]: UUID of player Chinbob2515 is d1639200-231d-40e0-9abc-ec97d4a9129b
[13:45:47] [Server thread/INFO]: Preparing start region for level 1 (Seed: 1452620748)
[13:45:48] [Server thread/INFO]: Preparing spawn area: 27%
[13:45:49] [Server thread/INFO]: Preparing spawn area: 63%
[13:45:50] [Server thread/INFO]: Preparing spawn area: 96%
[13:45:50] [Server thread/INFO]: Preparing start region for level 2 (Seed: 8335513622996150606)
[13:45:51] [Server thread/INFO]: [Lockette] Enabling Lockette v1.8.23
[13:45:51] [Server thread/INFO]: [Lockette] Version 1.8.23 is being enabled!  Yay!  (Core version 1.3.5)
[13:45:51] [Server thread/INFO]: minor >
[13:45:51] [Server thread/INFO]: [Lockette] Detected Bukkit version [v1_10_R1] ok.
[13:45:51] [Server thread/INFO]: [Lockette] Custom lockable block list: [116, 84, 57, 145, 154, 64, 324]
[13:45:51] [Server thread/INFO]: [Lockette] Ignoring linked plugins: [mcMMO]
[13:45:51] [Server thread/INFO]: [Lockette] Loading strings file for English by Acru
[13:45:51] [Server thread/INFO]: [Lockette] Using ops file for admin permissions.
[13:45:51] [Server thread/INFO]: [Lockette] Ready to protect your containers.
[13:45:51] [Server thread/INFO]: [PermissionsBukkit] Enabling PermissionsBukkit v2.5
[13:45:51] [Server thread/INFO]: [PermissionsBukkit] Enabled successfully
[13:45:51] [Server thread/INFO]: [Lockette] Enabled link to plugin PermissionsBukkit for Groups, version 2.5
[13:45:51] [Server thread/INFO]: [Essentials] Enabling Essentials v2.0.1-b421
[13:45:51] [Server thread/WARN]: [Essentials] ยง4Version mismatch! Please update EssentialsChat to the same version.
[13:45:51] [Server thread/INFO]: Using locale en_GB
[13:45:51] [Server thread/INFO]: [Essentials] Using 1.8.3+ BlockStateMeta provider as mob spawner provider.
[13:45:52] [Server thread/INFO]: [Essentials] Using Reflection based provider as spawn egg provider.
[13:45:52] [Server thread/INFO]: [Essentials] Using 1.9+ BasePotionData provider as potion meta provider.
[13:45:52] [Server thread/INFO]: Using locale en_GB
[13:45:52] [Server thread/INFO]: [Essentials] Metrics disabled per PluginMetrics config.
[13:45:52] [Server thread/WARN]: [Essentials] Detected supported permissions plugin PermissionsBukkit without Vault installed.
[13:45:52] [Server thread/WARN]: [Essentials] Features such as chat prefixes/suffixes and group-related functionality will not work until you install Vault.
[13:45:52] [Server thread/INFO]: [Essentials] Using superperms-based permissions.
[13:45:52] [Server thread/INFO]: [EssentialsSpawn] Enabling EssentialsSpawn v2.0.1-b421
[13:45:52] [Server thread/INFO]: [EssentialsChat] Enabling EssentialsChat vTeamCity
[13:45:52] [Server thread/WARN]: ยง4Version mismatch! Please update all Essentials jars to the same version.
[13:45:52] [Server thread/INFO]: [Movecraft] Enabling Movecraft v4.6.0
[13:45:52] [Server thread/INFO]: [Movecraft] Recognized PilotTool setting of: 280
[13:45:52] [Server thread/INFO]: [Movecraft] WARNING: CompatibilityMode was set to false, but required build-specific classes were not found. FORCING COMPATIBILITY MODE
[13:45:52] [Server thread/INFO]: [Movecraft] CompatiblityMode is set to true
[13:45:52] [Server thread/INFO]: [Movecraft] Movecraft did not find a compatible version of WorldGuard. Disabling WorldGuard integration
[13:45:52] [Server thread/INFO]: [Movecraft] Movecraft did not find a compatible version of WorldEdit. Disabling WorldEdit integration
[13:45:52] [Server thread/INFO]: [Movecraft] Movecraft did not find a compatible version of Towny. Disabling Towny integration.
[13:45:52] [Server thread/INFO]: [Movecraft] Found a compatible version of Essentials. Enabling Essentials integration.
[13:45:52] [Server thread/INFO]: [Movecraft] Could not find compatible Vault plugin. Disabling Vault integration.
[13:45:52] [Server thread/INFO]: [Movecraft] Loaded 31 Craft files
[13:45:52] [Server thread/INFO]: [Movecraft] [V 4.6.0] has been enabled.
[13:45:52] [Server thread/INFO]: Server permissions file permissions.yml is empty, ignoring it
[13:45:53] [Server thread/INFO]: Done (14.939s)! For help, type "help" or "?"
[13:45:53] [Server thread/INFO]: Chinbob2515[/109.149.222.43:52162] logged in with entity id 363 at ([world]-1387.2545311522063, 80.0, 841.5797967479388)
[13:46:00] [Server thread/WARN]: Can't keep up! Did the system time change, or is the server overloaded? Running 6158ms behind, skipping 123 tick(s)
[13:46:14] [Server thread/WARN]: Can't keep up! Did the system time change, or is the server overloaded? Running 2863ms behind, skipping 57 tick(s)
[13:46:16] [User Authenticator #2/INFO]: UUID of player CaptainBetts is 6bbb8b68-e1de-42e2-911e-8075b2a8d19e
[13:46:16] [Server thread/INFO]: CaptainBetts[/88.202.251.56:55599] logged in with entity id 842 at ([world]-1388.6619213349534, 100.0, 867.3000000119209)
[13:46:31] [Netty Epoll Server IO #0/INFO]: <~Betts> No perms
[13:47:21] [Server thread/INFO]: Configuration reloaded.
[13:47:24] [Server thread/INFO]: [Movecraft] Player Chinbob2515 piloted a craft of type fastairskiff with size 23 at location: -1388 x, 839 z
[13:47:27] [Netty Epoll Server IO #1/INFO]: <~Chinbob> now it works
[13:47:54] [Netty Epoll Server IO #1/INFO]: <~Chinbob> boo
[13:48:01] [Server thread/INFO]: Chinbob2515 issued server command: /release
[13:48:01] [Server thread/INFO]: [Movecraft] Player Chinbob2515 has released a craft of type fastairskiff with size 23 at coordinates : -1385 x , 858 z
[13:48:11] [Netty Epoll Server IO #1/INFO]: <~Chinbob> 5 times faster, 5 times more fuel use
[13:48:21] [Server thread/INFO]: [Movecraft] Player CaptainBetts piloted a craft of type fastairskiff with size 78 at location: -1390 x, 865 z
[13:48:25] [Server thread/INFO]: Chinbob2515 issued server command: /home ben
[13:48:35] [Server thread/INFO]: Chinbob2515 issued server command: /back
[13:48:37] [Server thread/INFO]: CaptainBetts issued server command: /release
[13:48:37] [Server thread/INFO]: [Movecraft] Player CaptainBetts has released a craft of type fastairskiff with size 78 at coordinates : -1388 x , 865 z
[13:48:47] [Server thread/INFO]: [Movecraft] Player CaptainBetts piloted a craft of type fastairskiff with size 78 at location: -1388 x, 865 z
[13:48:58] [Netty Epoll Server IO #0/INFO]: <~Betts> Not much faster :P
[13:49:06] [Server thread/INFO]: [Movecraft] Player Chinbob2515 piloted a craft of type fastairskiff with size 23 at location: -1385 x, 858 z
[13:49:21] [Server thread/WARN]: Can't keep up! Did the system time change, or is the server overloaded? Running 4087ms behind, skipping 81 tick(s)
[13:49:36] [Netty Epoll Server IO #1/INFO]: <~Chinbob> it so is
[13:49:47] [Server thread/WARN]: Can't keep up! Did the system time change, or is the server overloaded? Running 2888ms behind, skipping 57 tick(s)
[13:49:59] [Server thread/INFO]: Chinbob2515 issued server command: /release
[13:49:59] [Server thread/INFO]: [Movecraft] Player Chinbob2515 has released a craft of type fastairskiff with size 23 at coordinates : -1387 x , 840 z
[13:50:03] [Server thread/INFO]: CaptainBetts issued server command: /home c
[13:50:16] [Server thread/INFO]: CaptainBetts issued server command: /back
[13:50:26] [Netty Epoll Server IO #1/INFO]: <~Chinbob> if you want to make another craft file, I'll add it
[13:50:44] [Server thread/WARN]: Can't keep up! Did the system time change, or is the server overloaded? Running 3172ms behind, skipping 63 tick(s)
[13:50:50] [Netty Epoll Server IO #0/INFO]: <~Betts> I'm gonna explore in this craft
